[DB] Database initialized successfully

╔══════════════════════════════════════╗
║          NixPanel Server             ║
╠══════════════════════════════════════╣
║  HTTP:  http://0.0.0.0:3001         ║
║  WS:    ws://0.0.0.0:3001/ws        ║
╚══════════════════════════════════════╝

[WS] Client connected: admin (1 total)
[WS] Client disconnected (0 total)
[WS] Client connected: admin (1 total)
[WS] Client disconnected (0 total)
[DB] Database initialized successfully
node:events:502
      throw er; // Unhandled 'error' event
      ^

Error: listen EADDRINUSE: address already in use 0.0.0.0:3001
    at Server.setupListenHandle [as _listen2] (node:net:1908:16)
    at listenInCluster (node:net:1965:12)
    at doListen (node:net:2139:7)
    at process.processTicksAndRejections (node:internal/process/task_queues:83:21)
Emitted 'error' event on WebSocketServer instance at:
    at Server.emit (node:events:524:28)
    at emitErrorNT (node:net:1944:8)
    at process.processTicksAndRejections (node:internal/process/task_queues:82:21) {
  code: 'EADDRINUSE',
  errno: -98,
  syscall: 'listen',
  address: '0.0.0.0',
  port: 3001
}

Node.js v20.20.2
[DB] Database initialized successfully
node:events:502
      throw er; // Unhandled 'error' event
      ^

Error: listen EADDRINUSE: address already in use 0.0.0.0:3001
    at Server.setupListenHandle [as _listen2] (node:net:1908:16)
    at listenInCluster (node:net:1965:12)
    at doListen (node:net:2139:7)
    at process.processTicksAndRejections (node:internal/process/task_queues:83:21)
Emitted 'error' event on WebSocketServer instance at:
    at Server.emit (node:events:524:28)
    at emitErrorNT (node:net:1944:8)
    at process.processTicksAndRejections (node:internal/process/task_queues:82:21) {
  code: 'EADDRINUSE',
  errno: -98,
  syscall: 'listen',
  address: '0.0.0.0',
  port: 3001
}

Node.js v20.20.2
[WS] Client connected: admin (1 total)
[WS] Client disconnected (0 total)
[WS] Client connected: admin (1 total)
[WS] Client disconnected (0 total)
[WS] Client connected: admin (1 total)
[WS] Client connected: admin (2 total)
[WS] Client disconnected (1 total)
[WS] Client connected: admin (2 total)

[Server] Shutting down gracefully...
[WS] Client disconnected (1 total)
[Server] Closed.
